[ERROR] Failed to execute goal org.apache.maven.plugins:maven-compiler-plugin:3.10.1:compile (default-compile) on project pdb: Compilation failure: Compilation failure:
[ERROR] src/main/java/com/feedzai/commons/sql/abstraction/engine/impl/mysql/MySqlQueryExceptionHandler.java:[21,33] package com.mysql.jdbc.exceptions does not exist
[ERROR] src/main/java/com/feedzai/commons/sql/abstraction/engine/impl/mysql/MySqlQueryExceptionHandler.java:[40,37] cannot find symbol
[ERROR]   symbol:   class MySQLTimeoutException
[ERROR]   location: class com.feedzai.commons.sql.abstraction.engine.impl.mysql.MySqlQueryExceptionHandler
[ERROR] -> [Help 1]