{
  "timestamp": "2025-09-09T14:56:25.649510",
  "model": "groq-llama-3.3-70b-versatile",
  "experiment": "focused-experiment-3projects",
  "generated_diffs": [
    "```diff\n--- a/src/test/java/com/feedzai/commons/sql/abstraction/engine/impl/abs/EngineGeneralTest.java\n+++ b/src/test/java/com/feedzai/commons/sql/abstraction/engine/impl/abs/EngineGeneralTest.java\n@@ -14,7 +14,7 @@\n import ch.qos.logback.classic.Level;\n-import ch.qos.logback.classic.Logger;\n+import org.slf4j.Logger;\n import com.feedzai.commons.sql.abstraction.ddl.AlterColumn;\n import com.feedzai.commons.sql.abstraction.ddl.DbColumn;\n import com.feedzai.commons.sql.abstraction.ddl.DbColumnConstraint;\n@@ -185,7 +185,7 @@\n \n @BeforeClass\n public static void initStatic() {\n-    ((Logger) LoggerFactory.getLogger(Logger.ROOT_LOGGER_NAME)).setLevel(Level.TRACE);\n+    ((org.slf4j.Logger) LoggerFactory.getLogger(Logger.ROOT_LOGGER_NAME)).setLevel(Level.TRACE);\n }\n```"
  ],
  "compilation_succeeded": false,
  "test_succeeded": false,
  "error_text": "[INFO] -------------------------------------------------------------\n[ERROR] COMPILATION ERROR : \n[INFO] -------------------------------------------------------------\n[ERROR] /mnt/repo/src/test/java/com/feedzai/commons/sql/abstraction/engine/impl/abs/EngineCloseTest.java:[102,49] cannot access org.slf4j.spi.LoggingEventAware\n  class file for org.slf4j.spi.LoggingEventAware not found\n[ERROR] /mnt/repo/src/test/java/com/feedzai/commons/sql/abstraction/engine/impl/abs/EngineGeneralTest.java:[181,70] cannot find symbol\n  symbol:   method setLevel(ch.qos.logback.classic.Level)\n  location: interface org.slf4j.Logger\n[INFO] 2 errors \n[INFO] -------------------------------------------------------------\n[INFO] ------------------------------------------------------------------------\n[INFO] BUILD FAILURE\n[INFO] ------------------------------------------------------------------------\n[INFO] Total time:  38.070 s\n[INFO] Finished at: 2025-09-09T09:26:25Z\n[INFO] ------------------------------------------------------------------------\n[ERROR] Failed to execute goal org.apache.maven.plugins:maven-compiler-plugin:3.10.1:testCompile (default-testCompile) on project pdb: Compilation failure: Compilation failure: \n[ERROR] /mnt/repo/src/test/java/com/feedzai/commons/sql/abstraction/engine/impl/abs/EngineCloseTest.java:[102,49] cannot access org.slf4j.spi.LoggingEventAware\n[ERROR]   class file for org.slf4j.spi.LoggingEventAware not found\n[ERROR] /mnt/repo/src/test/java/com/feedzai/commons/sql/abstraction/engine/impl/abs/EngineGeneralTest.java:[181,70] cannot find symbol\n[ERROR]   symbol:   method setLevel(ch.qos.logback.classic.Level)\n[ERROR]   location: interface org.slf4j.Logger\n[ERROR] -> [Help 1]\n[ERROR] \n[ERROR] To see the full stack trace of the errors, re-run Maven with the -e switch.\n[ERROR] Re-run Maven using the -X switch to enable full debug logging.\n[ERROR] \n[ERROR] For more information about the errors and possible solutions, please read the following articles:\n[ERROR] [Help 1] http://cwiki.apache.org/confluence/display/MAVEN/MojoFailureException\n"
}