[ERROR] Failed to execute goal org.apache.maven.plugins:maven-compiler-plugin:3.9.0:compile (default-compile) on project gauge-java: Compilation failure: Compilation failure:
[ERROR] src/main/java/com/thoughtworks/gauge/scan/ClasspathScanner.java:[64,61] cannot find symbol
[ERROR]   symbol:   method apply(java.lang.String)
[ERROR]   location: class org.reflections.util.FilterBuilder
[ERROR] src/main/java/com/thoughtworks/gauge/scan/ClasspathScanner.java:[69,51] cannot find symbol
[ERROR]   symbol:   method apply(java.lang.String)
[ERROR]   location: class org.reflections.util.FilterBuilder
[ERROR] -> [Help 1]