{
  "timestamp": "2025-09-09T13:15:07.202055",
  "model": "groq-llama-3.1-8b-instant",
  "experiment": "single-project-test",
  "generated_diffs": [
    "```diff\n--- a/singer-commons/src/main/java/com/pinterest/singer/loggingaudit/client/AuditEventKafkaSender.java\n+++ b/singer-commons/src/main/java/com/pinterest/singer/loggingaudit/client/AuditEventKafkaSender.java\n@@ -105,7 +105,7 @@\n         }\n         \n         Serializer serializer = new TSerializer();\n-        try {\n+        try (TTransport transport = new TBufferedTransport(serializer)) {\n             ProducerRecord<Long, byte[]> record = new ProducerRecord<String, byte[]>(topic, key, data);\n             callback.onCompletion(record, metadata);\n             return;\n```"
  ],
  "compilation_succeeded": false,
  "test_succeeded": false,
  "error_text": "[INFO] -------------------------------------------------------------\n[ERROR] COMPILATION ERROR : \n[INFO] -------------------------------------------------------------\n[ERROR] /mnt/repo/singer-commons/src/main/java/com/pinterest/singer/loggingaudit/client/AuditEventKafkaSender.java:[268,16] cannot find symbol\n  symbol:   class TTransport\n  location: class com.pinterest.singer.loggingaudit.client.AuditEventKafkaSender\n[ERROR] /mnt/repo/singer-commons/src/main/java/com/pinterest/singer/loggingaudit/client/AuditEventKafkaSender.java:[268,43] cannot find symbol\n  symbol:   class TBufferedTransport\n  location: class com.pinterest.singer.loggingaudit.client.AuditEventKafkaSender\n[INFO] 2 errors \n[INFO] -------------------------------------------------------------\n[INFO] ------------------------------------------------------------------------\n[INFO] Reactor Summary for Singer Logging Agent 0.8.0.66:\n[INFO] \n[INFO] Singer Logging Agent ............................... SUCCESS [  2.776 s]\n[INFO] singer-commons ..................................... FAILURE [01:02 min]\n[INFO] thrift-logger ...................................... SKIPPED\n[INFO] singer ............................................. SKIPPED\n[INFO] ------------------------------------------------------------------------\n[INFO] BUILD FAILURE\n[INFO] ------------------------------------------------------------------------\n[INFO] Total time:  01:05 min\n[INFO] Finished at: 2025-09-09T07:45:06Z\n[INFO] ------------------------------------------------------------------------\n[ERROR] Failed to execute goal org.apache.maven.plugins:maven-compiler-plugin:3.13.0:compile (default-compile) on project singer-commons: Compilation failure: Compilation failure: \n[ERROR] /mnt/repo/singer-commons/src/main/java/com/pinterest/singer/loggingaudit/client/AuditEventKafkaSender.java:[268,16] cannot find symbol\n[ERROR]   symbol:   class TTransport\n[ERROR]   location: class com.pinterest.singer.loggingaudit.client.AuditEventKafkaSender\n[ERROR] /mnt/repo/singer-commons/src/main/java/com/pinterest/singer/loggingaudit/client/AuditEventKafkaSender.java:[268,43] cannot find symbol\n[ERROR]   symbol:   class TBufferedTransport\n[ERROR]   location: class com.pinterest.singer.loggingaudit.client.AuditEventKafkaSender\n[ERROR] -> [Help 1]\n[ERROR] \n[ERROR] To see the full stack trace of the errors, re-run Maven with the -e switch.\n[ERROR] Re-run Maven using the -X switch to enable full debug logging.\n[ERROR] \n[ERROR] For more information about the errors and possible solutions, please read the following articles:\n[ERROR] [Help 1] http://cwiki.apache.org/confluence/display/MAVEN/MojoFailureException\n[ERROR] \n[ERROR] After correcting the problems, you can resume the build with the command\n[ERROR]   mvn <args> -rf :singer-commons\n"
}