{
  "experiment_metadata": {
    "model": "groq-llama-3.3-70b-versatile",
    "timestamp": "2025-09-09_14:50:48",
    "duration_seconds": 337.124807,
    "pipeline_enabled": true
  },
  "results": [
    {
      "project_id": "07fad972bb884e9fa6143b4f870d08305811607d",
      "repo_slug": "alphagov/pay-adminusers",
      "diff_generated": true,
      "num_diffs": 1,
      "diff_info": {
        "compilation_has_succeeded": false,
        "test_has_succeeded": false,
        "error_text": "[INFO] -------------------------------------------------------------\n[ERROR] COMPILATION ERROR : \n[INFO] -------------------------------------------------------------\n[ERROR] /mnt/repo/src/test/java/uk/gov/pay/adminusers/queue/event/EventMessageHandlerTest.java:[113,15] cannot access org.slf4j.spi.LoggingEventAware\n  class file for org.slf4j.spi.LoggingEventAware not found\n[INFO] 1 error\n[INFO] -------------------------------------------------------------\n[INFO] ------------------------------------------------------------------------\n[INFO] BUILD FAILURE\n[INFO] ------------------------------------------------------------------------\n[INFO] Total time:  04:08 min\n[INFO] Finished at: 2025-09-09T09:25:04Z\n[INFO] ------------------------------------------------------------------------\n[ERROR] Failed to execute goal org.apache.maven.plugins:maven-compiler-plugin:3.10.1:testCompile (default-testCompile) on project pay-adminusers: Compilation failure\n[ERROR] /mnt/repo/src/test/java/uk/gov/pay/adminusers/queue/event/EventMessageHandlerTest.java:[113,15] cannot access org.slf4j.spi.LoggingEventAware\n[ERROR]   class file for org.slf4j.spi.LoggingEventAware not found\n[ERROR] -> [Help 1]\n[ERROR] \n[ERROR] To see the full stack trace of the errors, re-run Maven with the -e switch.\n[ERROR] Re-run Maven using the -X switch to enable full debug logging.\n[ERROR] \n[ERROR] For more information about the errors and possible solutions, please read the following articles:\n[ERROR] [Help 1] http://cwiki.apache.org/confluence/display/MAVEN/MojoFailureException\n"
      },
      "saved_output_path": "dataset/07fad972bb884e9fa6143b4f870d08305811607d/out/groq-focused-experiment-3projects-20250909_145504-execution-errors.json",
      "processing_time": 0
    },
    {
      "project_id": "1820a966ae02ad8df44d0a0106cba65ceaf3aa95",
      "repo_slug": "alphagov/pay-adminusers",
      "diff_generated": true,
      "num_diffs": 1,
      "diff_info": {
        "compilation_has_succeeded": false,
        "test_has_succeeded": false,
        "error_text": "Failed to prepare diffs: Diff for src/test/java/uk/gov/pay/adminusers/queue/event/EventMessageHandlerTest.java is not valid"
      },
      "saved_output_path": "dataset/1820a966ae02ad8df44d0a0106cba65ceaf3aa95/out/groq-focused-experiment-3projects-20250909_145523-execution-errors.json",
      "processing_time": 0
    },
    {
      "project_id": "43b3a858b77ec27fc8946aba292001c3de465012",
      "repo_slug": "feedzai/pdb",
      "diff_generated": true,
      "num_diffs": 1,
      "diff_info": {
        "compilation_has_succeeded": false,
        "test_has_succeeded": false,
        "error_text": "[INFO] -------------------------------------------------------------\n[ERROR] COMPILATION ERROR : \n[INFO] -------------------------------------------------------------\n[ERROR] /mnt/repo/src/test/java/com/feedzai/commons/sql/abstraction/engine/impl/abs/EngineCloseTest.java:[102,49] cannot access org.slf4j.spi.LoggingEventAware\n  class file for org.slf4j.spi.LoggingEventAware not found\n[ERROR] /mnt/repo/src/test/java/com/feedzai/commons/sql/abstraction/engine/impl/abs/EngineGeneralTest.java:[181,70] cannot find symbol\n  symbol:   method setLevel(ch.qos.logback.classic.Level)\n  location: interface org.slf4j.Logger\n[INFO] 2 errors \n[INFO] -------------------------------------------------------------\n[INFO] ------------------------------------------------------------------------\n[INFO] BUILD FAILURE\n[INFO] ------------------------------------------------------------------------\n[INFO] Total time:  38.070 s\n[INFO] Finished at: 2025-09-09T09:26:25Z\n[INFO] ------------------------------------------------------------------------\n[ERROR] Failed to execute goal org.apache.maven.plugins:maven-compiler-plugin:3.10.1:testCompile (default-testCompile) on project pdb: Compilation failure: Compilation failure: \n[ERROR] /mnt/repo/src/test/java/com/feedzai/commons/sql/abstraction/engine/impl/abs/EngineCloseTest.java:[102,49] cannot access org.slf4j.spi.LoggingEventAware\n[ERROR]   class file for org.slf4j.spi.LoggingEventAware not found\n[ERROR] /mnt/repo/src/test/java/com/feedzai/commons/sql/abstraction/engine/impl/abs/EngineGeneralTest.java:[181,70] cannot find symbol\n[ERROR]   symbol:   method setLevel(ch.qos.logback.classic.Level)\n[ERROR]   location: interface org.slf4j.Logger\n[ERROR] -> [Help 1]\n[ERROR] \n[ERROR] To see the full stack trace of the errors, re-run Maven with the -e switch.\n[ERROR] Re-run Maven using the -X switch to enable full debug logging.\n[ERROR] \n[ERROR] For more information about the errors and possible solutions, please read the following articles:\n[ERROR] [Help 1] http://cwiki.apache.org/confluence/display/MAVEN/MojoFailureException\n"
      },
      "saved_output_path": "dataset/43b3a858b77ec27fc8946aba292001c3de465012/out/groq-focused-experiment-3projects-20250909_145625-execution-errors.json",
      "processing_time": 0
    }
  ],
  "summary": {
    "total_projects": 3,
    "successful_diffs": 3,
    "compilation_success": 0,
    "test_success": 0,
    "failed_diffs": 0,
    "errors": 0
  }
}