{
  "timestamp": "2025-09-08T23:23:00.077045",
  "experiment_type": "zero_shot_with_file_output",
  "model": "llama-3.1-8b-instant",
  "results": [
    {
      "project_id": "0305beafdecb0b28f7c94264ed20cdc4e41ff067",
      "repo_slug": "feedzai/pdb",
      "fix_generated": true,
      "raw_fix_length": 1072,
      "cleaned_fix_length": 1008,
      "compilation_success": false,
      "compilation_errors": "/var/folders/n1/3qtzdh9s0nb9z0dcczgz0ddw0000gn/T/tmpp6mh2ecb/MySqlQueryExceptionHandler.java:3: error: package com.feedzai.commons.sql.abstraction.engine.handler does not exist\nimport com.feedzai.commons.sql.abstraction.engine.handler.QueryExceptionHandler;\n                                                         ^\n/var/folders/n1/3qtzdh9s0nb9z0dcczgz0ddw0000gn/T/tmpp6mh2ecb/MySqlQueryExceptionHandler.java:4: error: package com.mysql.cj.jdbc.exceptions does not exist\nimport com.mysql.cj.jdbc.exceptions.MySQLTimeoutException;\n                                   ^\n/var/folders/n1/3qtzdh9s0nb9z0dcczgz0ddw0000gn/T/tmpp6mh2ecb/MySqlQueryExceptionHandler.java:13: error: cannot find symbol\npublic class MySqlQueryExceptionHandler extends QueryExceptionHandler {\n                                                ^\n  symbol: class QueryExceptionHandler\n/var/folders/n1/3qtzdh9s0nb9z0dcczgz0ddw0000gn/T/tmpp6mh2ecb/MySqlQueryExceptionHandler.java:20: error: method does not override or implement a method from a supertype\n@Override\n^\n/var/folders/n1/3qtzdh9s0nb9z0dcczgz0ddw0000gn/T/tmpp6mh2ecb/MySqlQueryExceptionHandler.java:22: error: cannot find symbol\nreturn exception instanceof MySQLTimeoutException || super.isTimeoutException(exception);\n                            ^\n  symbol:   class MySQLTimeoutException\n  location: class MySqlQueryExceptionHandler\n/var/folders/n1/3qtzdh9s0nb9z0dcczgz0ddw0000gn/T/tmpp6mh2ecb/MySqlQueryExceptionHandler.java:22: error: cannot find symbol\nreturn exception instanceof MySQLTimeoutException || super.isTimeoutException(exception);\n                                                     ^\n  symbol:   variable super\n  location: class MySqlQueryExceptionHandler\n/var/folders/n1/3qtzdh9s0nb9z0dcczgz0ddw0000gn/T/tmpp6mh2ecb/MySqlQueryExceptionHandler.java:25: error: method does not override or implement a method from a supertype\n@Override\n^\n/var/folders/n1/3qtzdh9s0nb9z0dcczgz0ddw0000gn/T/tmpp6mh2ecb/MySqlQueryExceptionHandler.java:27: error: cannot find symbol\nreturn UNIQUE_CONSTRAINT_VIOLATION_ERROR_CODE == exception.getErrorCode() || super.isUniqueConstraintViolationException(exception);\n                                                                             ^\n  symbol:   variable super\n  location: class MySqlQueryExceptionHandler\n8 errors\n",
      "saved_file_path": "dataset/0305beafdecb0b28f7c94264ed20cdc4e41ff067/out/groq-zero-shot-with-files-20250908_232247-MySqlQueryExceptionHandler.java",
      "java_file_path": "MySqlQueryExceptionHandler.java.java"
    },
    {
      "project_id": "067f5d2c81ff87c90755f4ed48f62eb5faa8ecf9",
      "repo_slug": "pinterest/singer",
      "fix_generated": true,
      "raw_fix_length": 2607,
      "cleaned_fix_length": 2287,
      "compilation_success": false,
      "compilation_errors": "/var/folders/n1/3qtzdh9s0nb9z0dcczgz0ddw0000gn/T/tmpupihlc_j/AuditEventKafkaSender.java:3: error: package com.pinterest.singer.loggingaudit.client.common does not exist\nimport com.pinterest.singer.loggingaudit.client.common.LoggingAuditClientMetrics;\n                                                      ^\n/var/folders/n1/3qtzdh9s0nb9z0dcczgz0ddw0000gn/T/tmpupihlc_j/AuditEventKafkaSender.java:4: error: package com.pinterest.singer.loggingaudit.thrift does not exist\nimport com.pinterest.singer.loggingaudit.thrift.LoggingAuditHeaders;\n                                               ^\n/var/folders/n1/3qtzdh9s0nb9z0dcczgz0ddw0000gn/T/tmpupihlc_j/AuditEventKafkaSender.java:5: error: package com.pinterest.singer.loggingaudit.thrift does not exist\nimport com.pinterest.singer.loggingaudit.thrift.LoggingAuditEvent;\n                                               ^\n/var/folders/n1/3qtzdh9s0nb9z0dcczgz0ddw0000gn/T/tmpupihlc_j/AuditEventKafkaSender.java:6: error: package com.pinterest.singer.loggingaudit.thrift does not exist\nimport com.pinterest.singer.loggingaudit.thrift.LoggingAuditStage;\n                                               ^\n/var/folders/n1/3qtzdh9s0nb9z0dcczgz0ddw0000gn/T/tmpupihlc_j/AuditEventKafkaSender.java:7: error: package com.pinterest.singer.loggingaudit.thrift.configuration does not exist\nimport com.pinterest.singer.loggingaudit.thrift.configuration.KafkaSenderConfig;\n                                                             ^\n/var/folders/n1/3qtzdh9s0nb9z0dcczgz0ddw0000gn/T/tmpupihlc_j/AuditEventKafkaSender.java:8: error: package com.pinterest.singer.metrics does not exist\nimport com.pinterest.singer.metrics.OpenTsdbMetricConverter;\n                                   ^\n/var/folders/n1/3qtzdh9s0nb9z0dcczgz0ddw0000gn/T/tmpupihlc_j/AuditEventKafkaSender.java:9: error: package com.pinterest.singer.utils does not exist\nimport com.pinterest.singer.utils.CommonUtils;\n                                 ^\n/var/folders/n1/3qtzdh9s0nb9z0dcczgz0ddw0000gn/T/tmpupihlc_j/AuditEventKafkaSender.java:10: error: package org.apache.kafka.clients.producer does not exist\nimport org.apache.kafka.clients.producer.Callback;\n                                        ^\n/var/folders/n1/3qtzdh9s0nb9z0dcczgz0ddw0000gn/T/tmpupihlc_j/AuditEventKafkaSender.java:11: error: package org.apache.kafka.clients.producer does not exist\nimport org.apache.kafka.clients.producer.KafkaProducer;\n                                        ^\n/var/folders/n1/3qtzdh9s0nb9z0dcczgz0ddw0000gn/T/tmpupihlc_j/AuditEventKafkaSender.java:12: error: package org.apache.kafka.clients.producer does not exist\nimport org.apache.kafka.clients.producer.ProducerRecord;\n                                        ^\n/var/folders/n1/3qtzdh9s0nb9z0dcczgz0ddw0000gn/T/tmpupihlc_j/AuditEventKafkaSender.java:13: error: package org.apache.kafka.clients.producer does not exist\nimport org.apache.kafka.clients.producer.RecordMetadata;\n                                        ^\n/var/folders/n1/3qtzdh9s0nb9z0dcczgz0ddw0000gn/T/tmpupihlc_j/AuditEventKafkaSender.java:14: error: package org.apache.kafka.common does not exist\nimport org.apache.kafka.common.PartitionInfo;\n                              ^\n/var/folders/n1/3qtzdh9s0nb9z0dcczgz0ddw0000gn/T/tmpupihlc_j/AuditEventKafkaSender.java:15: error: package org.apache.thrift does not exist\nimport org.apache.thrift.TException;\n                        ^\n/var/folders/n1/3qtzdh9s0nb9z0dcczgz0ddw0000gn/T/tmpupihlc_j/AuditEventKafkaSender.java:16: error: package org.apache.thrift does not exist\nimport org.apache.thrift.TSerializer;\n                        ^\n/var/folders/n1/3qtzdh9s0nb9z0dcczgz0ddw0000gn/T/tmpupihlc_j/AuditEventKafkaSender.java:17: error: package org.slf4j does not exist\nimport org.slf4j.Logger;\n                ^\n/var/folders/n1/3qtzdh9s0nb9z0dcczgz0ddw0000gn/T/tmpupihlc_j/AuditEventKafkaSender.java:18: error: package org.slf4j does not exist\nimport org.slf4j.LoggerFactory;\n                ^\n/var/folders/n1/3qtzdh9s0nb9z0dcczgz0ddw0000gn/T/tmpupihlc_j/AuditEventKafkaSender.java:32: error: cannot find symbol\nprivate static final Logger logger = LoggerFactory.getLogger(AuditEventKafkaSender.class);\n                     ^\n  symbol:   class Logger\n  location: class AuditEventKafkaSender\n/var/folders/n1/3qtzdh9s0nb9z0dcczgz0ddw0000gn/T/tmpupihlc_j/AuditEventKafkaSender.java:34: error: cannot find symbol\npublic void sendAuditEventToKafka(LoggingAuditEvent event) {\n                                  ^\n  symbol:   class LoggingAuditEvent\n  location: class AuditEventKafkaSender\n/var/folders/n1/3qtzdh9s0nb9z0dcczgz0ddw0000gn/T/tmpupihlc_j/AuditEventKafkaSender.java:32: error: cannot find symbol\nprivate static final Logger logger = LoggerFactory.getLogger(AuditEventKafkaSender.class);\n                                     ^\n  symbol:   variable LoggerFactory\n  location: class AuditEventKafkaSender\n/var/folders/n1/3qtzdh9s0nb9z0dcczgz0ddw0000gn/T/tmpupihlc_j/AuditEventKafkaSender.java:38: error: cannot find symbol\nTSerializer serializer = new TSerializer();\n^\n  symbol:   class TSerializer\n  location: class AuditEventKafkaSender\n/var/folders/n1/3qtzdh9s0nb9z0dcczgz0ddw0000gn/T/tmpupihlc_j/AuditEventKafkaSender.java:38: error: cannot find symbol\nTSerializer serializer = new TSerializer();\n                             ^\n  symbol:   class TSerializer\n  location: class AuditEventKafkaSender\n/var/folders/n1/3qtzdh9s0nb9z0dcczgz0ddw0000gn/T/tmpupihlc_j/AuditEventKafkaSender.java:39: error: cannot find symbol\nLoggingAuditHeaders auditHeaders = serializer.toBinary(event);\n^\n  symbol:   class LoggingAuditHeaders\n  location: class AuditEventKafkaSender\n/var/folders/n1/3qtzdh9s0nb9z0dcczgz0ddw0000gn/T/tmpupihlc_j/AuditEventKafkaSender.java:40: error: cannot find symbol\nKafkaProducer<String, byte[]> producer = new KafkaProducer<>(KafkaSenderConfig.defaultSendConfig());\n^\n  symbol:   class KafkaProducer\n  location: class AuditEventKafkaSender\n/var/folders/n1/3qtzdh9s0nb9z0dcczgz0ddw0000gn/T/tmpupihlc_j/AuditEventKafkaSender.java:40: error: cannot find symbol\nKafkaProducer<String, byte[]> producer = new KafkaProducer<>(KafkaSenderConfig.defaultSendConfig());\n                                             ^\n  symbol:   class KafkaProducer\n  location: class AuditEventKafkaSender\n/var/folders/n1/3qtzdh9s0nb9z0dcczgz0ddw0000gn/T/tmpupihlc_j/AuditEventKafkaSender.java:40: error: cannot find symbol\nKafkaProducer<String, byte[]> producer = new KafkaProducer<>(KafkaSenderConfig.defaultSendConfig());\n                                                             ^\n  symbol:   variable KafkaSenderConfig\n  location: class AuditEventKafkaSender\n/var/folders/n1/3qtzdh9s0nb9z0dcczgz0ddw0000gn/T/tmpupihlc_j/AuditEventKafkaSender.java:41: error: cannot find symbol\nProducerRecord<String, byte[]> producerRecord = new ProducerRecord<>(\n^\n  symbol:   class ProducerRecord\n  location: class AuditEventKafkaSender\n/var/folders/n1/3qtzdh9s0nb9z0dcczgz0ddw0000gn/T/tmpupihlc_j/AuditEventKafkaSender.java:41: error: cannot find symbol\nProducerRecord<String, byte[]> producerRecord = new ProducerRecord<>(\n                                                    ^\n  symbol:   class ProducerRecord\n  location: class AuditEventKafkaSender\n/var/folders/n1/3qtzdh9s0nb9z0dcczgz0ddw0000gn/T/tmpupihlc_j/AuditEventKafkaSender.java:42: error: cannot find symbol\nKafkaSenderConfig.auditEventTopicName(),\n^\n  symbol:   variable KafkaSenderConfig\n  location: class AuditEventKafkaSender\n/var/folders/n1/3qtzdh9s0nb9z0dcczgz0ddw0000gn/T/tmpupihlc_j/AuditEventKafkaSender.java:45: error: cannot find symbol\nproducer.send(producerRecord, new Callback() {\n                                  ^\n  symbol:   class Callback\n  location: class AuditEventKafkaSender\n/var/folders/n1/3qtzdh9s0nb9z0dcczgz0ddw0000gn/T/tmpupihlc_j/AuditEventKafkaSender.java:47: error: cannot find symbol\npublic void onCompletion(RecordMetadata metadata, Exception exception) {\n                         ^\n  symbol: class RecordMetadata\n/var/folders/n1/3qtzdh9s0nb9z0dcczgz0ddw0000gn/T/tmpupihlc_j/AuditEventKafkaSender.java:46: error: method does not override or implement a method from a supertype\n@Override\n^\n/var/folders/n1/3qtzdh9s0nb9z0dcczgz0ddw0000gn/T/tmpupihlc_j/AuditEventKafkaSender.java:53: error: cannot find symbol\n} catch (TTransportException e) {\n         ^\n  symbol:   class TTransportException\n  location: class AuditEventKafkaSender\n32 errors\n",
      "saved_file_path": "dataset/067f5d2c81ff87c90755f4ed48f62eb5faa8ecf9/out/groq-zero-shot-with-files-20250908_232251-AuditEventKafkaSender.java",
      "java_file_path": "AuditEventKafkaSender.java.java"
    },
    {
      "project_id": "07fad972bb884e9fa6143b4f870d08305811607d",
      "repo_slug": "alphagov/pay-adminusers",
      "fix_generated": true,
      "raw_fix_length": 3242,
      "cleaned_fix_length": 3010,
      "compilation_success": false,
      "compilation_errors": "/var/folders/n1/3qtzdh9s0nb9z0dcczgz0ddw0000gn/T/tmponjmn3wq/EventMessageHandlerTest.java:3: error: package ch.qos.logback.classic does not exist\nimport ch.qos.logback.classic.Level;\n                             ^\n/var/folders/n1/3qtzdh9s0nb9z0dcczgz0ddw0000gn/T/tmponjmn3wq/EventMessageHandlerTest.java:4: error: package ch.qos.logback.classic does not exist\nimport ch.qos.logback.classic.Logger;\n                             ^\n/var/folders/n1/3qtzdh9s0nb9z0dcczgz0ddw0000gn/T/tmponjmn3wq/EventMessageHandlerTest.java:5: error: package ch.qos.logback.classic.spi does not exist\nimport ch.qos.logback.classic.spi.ILoggingEvent;\n                                 ^\n/var/folders/n1/3qtzdh9s0nb9z0dcczgz0ddw0000gn/T/tmponjmn3wq/EventMessageHandlerTest.java:6: error: package ch.qos.logback.core does not exist\nimport ch.qos.logback.core.Appender;\n                          ^\n/var/folders/n1/3qtzdh9s0nb9z0dcczgz0ddw0000gn/T/tmponjmn3wq/EventMessageHandlerTest.java:7: error: package com.fasterxml.jackson.databind does not exist\nimport com.fasterxml.jackson.databind.ObjectMapper;\n                                     ^\n/var/folders/n1/3qtzdh9s0nb9z0dcczgz0ddw0000gn/T/tmponjmn3wq/EventMessageHandlerTest.java:8: error: package com.google.gson does not exist\nimport com.google.gson.GsonBuilder;\n                      ^\n/var/folders/n1/3qtzdh9s0nb9z0dcczgz0ddw0000gn/T/tmponjmn3wq/EventMessageHandlerTest.java:9: error: package org.hamcrest.core does not exist\nimport org.hamcrest.core.Is;\n                        ^\n/var/folders/n1/3qtzdh9s0nb9z0dcczgz0ddw0000gn/T/tmponjmn3wq/EventMessageHandlerTest.java:10: error: package org.junit.jupiter.api does not exist\nimport org.junit.jupiter.api.BeforeEach;\n                            ^\n/var/folders/n1/3qtzdh9s0nb9z0dcczgz0ddw0000gn/T/tmponjmn3wq/EventMessageHandlerTest.java:11: error: package org.junit.jupiter.api does not exist\nimport org.junit.jupiter.api.Test;\n                            ^\n/var/folders/n1/3qtzdh9s0nb9z0dcczgz0ddw0000gn/T/tmponjmn3wq/EventMessageHandlerTest.java:12: error: package org.junit.jupiter.api.extension does not exist\nimport org.junit.jupiter.api.extension.ExtendWith;\n                                      ^\n/var/folders/n1/3qtzdh9s0nb9z0dcczgz0ddw0000gn/T/tmponjmn3wq/EventMessageHandlerTest.java:13: error: package org.mockito does not exist\nimport org.mockito.ArgumentCaptor;\n                  ^\n/var/folders/n1/3qtzdh9s0nb9z0dcczgz0ddw0000gn/T/tmponjmn3wq/EventMessageHandlerTest.java:14: error: package org.mockito does not exist\nimport org.mockito.Captor;\n                  ^\n/var/folders/n1/3qtzdh9s0nb9z0dcczgz0ddw0000gn/T/tmponjmn3wq/EventMessageHandlerTest.java:15: error: package org.mockito does not exist\nimport org.mockito.Mock;\n                  ^\n/var/folders/n1/3qtzdh9s0nb9z0dcczgz0ddw0000gn/T/tmponjmn3wq/EventMessageHandlerTest.java:16: error: package org.mockito.junit.jupiter does not exist\nimport org.mockito.junit.jupiter.MockitoExtension;\n                                ^\n/var/folders/n1/3qtzdh9s0nb9z0dcczgz0ddw0000gn/T/tmponjmn3wq/EventMessageHandlerTest.java:17: error: package org.slf4j does not exist\nimport org.slf4j.LoggerFactory;\n                ^\n/var/folders/n1/3qtzdh9s0nb9z0dcczgz0ddw0000gn/T/tmponjmn3wq/EventMessageHandlerTest.java:18: error: package org.slf4j.helpers does not exist\nimport org.slf4j.helpers.NOpLogger;\n                        ^\n/var/folders/n1/3qtzdh9s0nb9z0dcczgz0ddw0000gn/T/tmponjmn3wq/EventMessageHandlerTest.java:19: error: package uk.gov.pay.adminusers.client.ledger.model does not exist\nimport uk.gov.pay.adminusers.client.ledger.model.LedgerTransaction;\n                                                ^\n/var/folders/n1/3qtzdh9s0nb9z0dcczgz0ddw0000gn/T/tmponjmn3wq/EventMessageHandlerTest.java:20: error: package uk.gov.pay.adminusers.client.ledger.service does not exist\nimport uk.gov.pay.adminusers.client.ledger.service.LedgerService;\n                                                  ^\n/var/folders/n1/3qtzdh9s0nb9z0dcczgz0ddw0000gn/T/tmponjmn3wq/EventMessageHandlerTest.java:21: error: package uk.gov.pay.adminusers.model does not exist\nimport uk.gov.pay.adminusers.model.MerchantDetails;\n                                  ^\n/var/folders/n1/3qtzdh9s0nb9z0dcczgz0ddw0000gn/T/tmponjmn3wq/EventMessageHandlerTest.java:22: error: package uk.gov.pay.adminusers.model does not exist\nimport uk.gov.pay.adminusers.model.Service;\n                                  ^\n/var/folders/n1/3qtzdh9s0nb9z0dcczgz0ddw0000gn/T/tmponjmn3wq/EventMessageHandlerTest.java:23: error: package uk.gov.pay.adminusers.model does not exist\nimport uk.gov.pay.adminusers.model.ServiceName;\n                                  ^\n/var/folders/n1/3qtzdh9s0nb9z0dcczgz0ddw0000gn/T/tmponjmn3wq/EventMessageHandlerTest.java:24: error: package uk.gov.pay.adminusers.persistence.entity does not exist\nimport uk.gov.pay.adminusers.persistence.entity.UserEntity;\n                                               ^\n/var/folders/n1/3qtzdh9s0nb9z0dcczgz0ddw0000gn/T/tmponjmn3wq/EventMessageHandlerTest.java:25: error: package uk.gov.pay.adminusers.queue.model does not exist\nimport uk.gov.pay.adminusers.queue.model.Event;\n                                        ^\n/var/folders/n1/3qtzdh9s0nb9z0dcczgz0ddw0000gn/T/tmponjmn3wq/EventMessageHandlerTest.java:26: error: package uk.gov.pay.adminusers.queue.model does not exist\nimport uk.gov.pay.adminusers.queue.model.EventMessage;\n                                        ^\n/var/folders/n1/3qtzdh9s0nb9z0dcczgz0ddw0000gn/T/tmponjmn3wq/EventMessageHandlerTest.java:27: error: package uk.gov.pay.adminusers.queue.model does not exist\nimport uk.gov.pay.adminusers.queue.model.EventType;\n                                        ^\n/var/folders/n1/3qtzdh9s0nb9z0dcczgz0ddw0000gn/T/tmponjmn3wq/EventMessageHandlerTest.java:28: error: package uk.gov.pay.adminusers.service does not exist\nimport uk.gov.pay.adminusers.service.NotificationService;\n                                    ^\n/var/folders/n1/3qtzdh9s0nb9z0dcczgz0ddw0000gn/T/tmponjmn3wq/EventMessageHandlerTest.java:29: error: package uk.gov.pay.adminusers.service does not exist\nimport uk.gov.pay.adminusers.service.ServiceFinder;\n                                    ^\n/var/folders/n1/3qtzdh9s0nb9z0dcczgz0ddw0000gn/T/tmponjmn3wq/EventMessageHandlerTest.java:30: error: package uk.gov.pay.adminusers.service does not exist\nimport uk.gov.pay.adminusers.service.UserServices;\n                                    ^\n/var/folders/n1/3qtzdh9s0nb9z0dcczgz0ddw0000gn/T/tmponjmn3wq/EventMessageHandlerTest.java:31: error: package uk.gov.service.payments.commons.queue.exception does not exist\nimport uk.gov.service.payments.commons.queue.exception.QueueException;\n                                                      ^\n/var/folders/n1/3qtzdh9s0nb9z0dcczgz0ddw0000gn/T/tmponjmn3wq/EventMessageHandlerTest.java:32: error: package uk.gov.service.payments.commons.queue.model does not exist\nimport uk.gov.service.payments.commons.queue.model.QueueMessage;\n                                                  ^\n/var/folders/n1/3qtzdh9s0nb9z0dcczgz0ddw0000gn/T/tmponjmn3wq/EventMessageHandlerTest.java:41: error: cannot find symbol\n@ExtendWith(MockitoExtension.class)\n ^\n  symbol: class ExtendWith\n/var/folders/n1/3qtzdh9s0nb9z0dcczgz0ddw0000gn/T/tmponjmn3wq/EventMessageHandlerTest.java:45: error: cannot find symbol\nprivate EventSubscriberQueue mockEventSubscriberQueue;\n        ^\n  symbol:   class EventSubscriberQueue\n  location: class EventMessageHandlerTest\n/var/folders/n1/3qtzdh9s0nb9z0dcczgz0ddw0000gn/T/tmponjmn3wq/EventMessageHandlerTest.java:48: error: cannot find symbol\nprivate NotificationService mockNotificationService;\n        ^\n  symbol:   class NotificationService\n  location: class EventMessageHandlerTest\n/var/folders/n1/3qtzdh9s0nb9z0dcczgz0ddw0000gn/T/tmponjmn3wq/EventMessageHandlerTest.java:51: error: cannot find symbol\nprivate ServiceFinder mockServiceFinder;\n        ^\n  symbol:   class ServiceFinder\n  location: class EventMessageHandlerTest\n/var/folders/n1/3qtzdh9s0nb9z0dcczgz0ddw0000gn/T/tmponjmn3wq/EventMessageHandlerTest.java:54: error: cannot find symbol\nprivate UserServices mockUserServices;\n        ^\n  symbol:   class UserServices\n  location: class EventMessageHandlerTest\n/var/folders/n1/3qtzdh9s0nb9z0dcczgz0ddw0000gn/T/tmponjmn3wq/EventMessageHandlerTest.java:57: error: cannot find symbol\nprivate LedgerService mockLedgerService;\n        ^\n  symbol:   class LedgerService\n  location: class EventMessageHandlerTest\n/var/folders/n1/3qtzdh9s0nb9z0dcczgz0ddw0000gn/T/tmponjmn3wq/EventMessageHandlerTest.java:60: error: cannot find symbol\nprivate Appender<ILoggingEvent> mockLogAppender;\n        ^\n  symbol:   class Appender\n  location: class EventMessageHandlerTest\n/var/folders/n1/3qtzdh9s0nb9z0dcczgz0ddw0000gn/T/tmponjmn3wq/EventMessageHandlerTest.java:60: error: cannot find symbol\nprivate Appender<ILoggingEvent> mockLogAppender;\n                 ^\n  symbol:   class ILoggingEvent\n  location: class EventMessageHandlerTest\n/var/folders/n1/3qtzdh9s0nb9z0dcczgz0ddw0000gn/T/tmponjmn3wq/EventMessageHandlerTest.java:62: error: cannot find symbol\nprivate final ObjectMapper objectMapper = new ObjectMapper();\n              ^\n  symbol:   class ObjectMapper\n  location: class EventMessageHandlerTest\n/var/folders/n1/3qtzdh9s0nb9z0dcczgz0ddw0000gn/T/tmponjmn3wq/EventMessageHandlerTest.java:64: error: cannot find symbol\nprivate EventMessageHandler eventMessageHandler;\n        ^\n  symbol:   class EventMessageHandler\n  location: class EventMessageHandlerTest\n/var/folders/n1/3qtzdh9s0nb9z0dcczgz0ddw0000gn/T/tmponjmn3wq/EventMessageHandlerTest.java:66: error: cannot find symbol\nprivate Service service;\n        ^\n  symbol:   class Service\n  location: class EventMessageHandlerTest\n/var/folders/n1/3qtzdh9s0nb9z0dcczgz0ddw0000gn/T/tmponjmn3wq/EventMessageHandlerTest.java:68: error: cannot find symbol\nprivate LedgerTransaction transaction;\n        ^\n  symbol:   class LedgerTransaction\n  location: class EventMessageHandlerTest\n/var/folders/n1/3qtzdh9s0nb9z0dcczgz0ddw0000gn/T/tmponjmn3wq/EventMessageHandlerTest.java:70: error: cannot find symbol\nprivate List<UserEntity> users;\n             ^\n  symbol:   class UserEntity\n  location: class EventMessageHandlerTest\n/var/folders/n1/3qtzdh9s0nb9z0dcczgz0ddw0000gn/T/tmponjmn3wq/EventMessageHandlerTest.java:41: error: cannot find symbol\n@ExtendWith(MockitoExtension.class)\n            ^\n  symbol: class MockitoExtension\n/var/folders/n1/3qtzdh9s0nb9z0dcczgz0ddw0000gn/T/tmponjmn3wq/EventMessageHandlerTest.java:44: error: cannot find symbol\n@Mock\n ^\n  symbol:   class Mock\n  location: class EventMessageHandlerTest\n/var/folders/n1/3qtzdh9s0nb9z0dcczgz0ddw0000gn/T/tmponjmn3wq/EventMessageHandlerTest.java:47: error: cannot find symbol\n@Mock\n ^\n  symbol:   class Mock\n  location: class EventMessageHandlerTest\n/var/folders/n1/3qtzdh9s0nb9z0dcczgz0ddw0000gn/T/tmponjmn3wq/EventMessageHandlerTest.java:50: error: cannot find symbol\n@Mock\n ^\n  symbol:   class Mock\n  location: class EventMessageHandlerTest\n/var/folders/n1/3qtzdh9s0nb9z0dcczgz0ddw0000gn/T/tmponjmn3wq/EventMessageHandlerTest.java:53: error: cannot find symbol\n@Mock\n ^\n  symbol:   class Mock\n  location: class EventMessageHandlerTest\n/var/folders/n1/3qtzdh9s0nb9z0dcczgz0ddw0000gn/T/tmponjmn3wq/EventMessageHandlerTest.java:56: error: cannot find symbol\n@Mock\n ^\n  symbol:   class Mock\n  location: class EventMessageHandlerTest\n/var/folders/n1/3qtzdh9s0nb9z0dcczgz0ddw0000gn/T/tmponjmn3wq/EventMessageHandlerTest.java:59: error: cannot find symbol\n@Mock\n ^\n  symbol:   class Mock\n  location: class EventMessageHandlerTest\n/var/folders/n1/3qtzdh9s0nb9z0dcczgz0ddw0000gn/T/tmponjmn3wq/EventMessageHandlerTest.java:72: error: cannot find symbol\n@BeforeEach\n ^\n  symbol:   class BeforeEach\n  location: class EventMessageHandlerTest\n/var/folders/n1/3qtzdh9s0nb9z0dcczgz0ddw0000gn/T/tmponjmn3wq/EventMessageHandlerTest.java:62: error: cannot find symbol\nprivate final ObjectMapper objectMapper = new ObjectMapper();\n                                              ^\n  symbol:   class ObjectMapper\n  location: class EventMessageHandlerTest\n/var/folders/n1/3qtzdh9s0nb9z0dcczgz0ddw0000gn/T/tmponjmn3wq/EventMessageHandlerTest.java:74: error: cannot find symbol\neventMessageHandler = new EventMessageHandler(mockEventSubscriberQueue, mockLedgerService, mockNotificationService, mockServiceFinder, mockUserServices, objectMapper);\n                          ^\n  symbol:   class EventMessageHandler\n  location: class EventMessageHandlerTest\n/var/folders/n1/3qtzdh9s0nb9z0dcczgz0ddw0000gn/T/tmponjmn3wq/EventMessageHandlerTest.java:75: error: cannot find symbol\nservice = Service.from(randomInt(), randomUuid(), new ServiceName(DEFAULT_NAME_VALUE));\n                                                      ^\n  symbol:   class ServiceName\n  location: class EventMessageHandlerTest\n/var/folders/n1/3qtzdh9s0nb9z0dcczgz0ddw0000gn/T/tmponjmn3wq/EventMessageHandlerTest.java:75: error: cannot find symbol\nservice = Service.from(randomInt(), randomUuid(), new ServiceName(DEFAULT_NAME_VALUE));\n                                                                  ^\n  symbol:   variable DEFAULT_NAME_VALUE\n  location: class EventMessageHandlerTest\n/var/folders/n1/3qtzdh9s0nb9z0dcczgz0ddw0000gn/T/tmponjmn3wq/EventMessageHandlerTest.java:75: error: cannot find symbol\nservice = Service.from(randomInt(), randomUuid(), new ServiceName(DEFAULT_NAME_VALUE));\n          ^\n  symbol:   variable Service\n  location: class EventMessageHandlerTest\n/var/folders/n1/3qtzdh9s0nb9z0dcczgz0ddw0000gn/T/tmponjmn3wq/EventMessageHandlerTest.java:75: error: cannot find symbol\nservice = Service.from(randomInt(), randomUuid(), new ServiceName(DEFAULT_NAME_VALUE));\n                       ^\n  symbol:   method randomInt()\n  location: class EventMessageHandlerTest\n/var/folders/n1/3qtzdh9s0nb9z0dcczgz0ddw0000gn/T/tmponjmn3wq/EventMessageHandlerTest.java:75: error: cannot find symbol\nservice = Service.from(randomInt(), randomUuid(), new ServiceName(DEFAULT_NAME_VALUE));\n                                    ^\n  symbol:   method randomUuid()\n  location: class EventMessageHandlerTest\n/var/folders/n1/3qtzdh9s0nb9z0dcczgz0ddw0000gn/T/tmponjmn3wq/EventMessageHandlerTest.java:76: error: cannot find symbol\nservice.setMerchantDetails(new MerchantDetails(\"Organisation Name\", null, null, null, null, null, null, null, null));\n                               ^\n  symbol:   class MerchantDetails\n  location: class EventMessageHandlerTest\n/var/folders/n1/3qtzdh9s0nb9z0dcczgz0ddw0000gn/T/tmponjmn3wq/EventMessageHandlerTest.java:77: error: cannot find symbol\ntransaction = aLedgerTransactionFixture()\n              ^\n  symbol:   method aLedgerTransactionFixture()\n  location: class EventMessageHandlerTest\n/var/folders/n1/3qtzdh9s0nb9z0dcczgz0ddw0000gn/T/tmponjmn3wq/EventMessageHandlerTest.java:86: error: cannot find symbol\nLogger logger = (Logger) LoggerFactory.getLogger(EventMessageHandler.class);\n^\n  symbol:   class Logger\n  location: class EventMessageHandlerTest\n/var/folders/n1/3qtzdh9s0nb9z0dcczgz0ddw0000gn/T/tmponjmn3wq/EventMessageHandlerTest.java:86: error: cannot find symbol\nLogger logger = (Logger) LoggerFactory.getLogger(EventMessageHandler.class);\n                 ^\n  symbol:   class Logger\n  location: class EventMessageHandlerTest\n/var/folders/n1/3qtzdh9s0nb9z0dcczgz0ddw0000gn/T/tmponjmn3wq/EventMessageHandlerTest.java:86: error: cannot find symbol\nLogger logger = (Logger) LoggerFactory.getLogger(EventMessageHandler.class);\n                                                 ^\n  symbol:   class EventMessageHandler\n  location: class EventMessageHandlerTest\n/var/folders/n1/3qtzdh9s0nb9z0dcczgz0ddw0000gn/T/tmponjmn3wq/EventMessageHandlerTest.java:86: error: cannot find symbol\nLogger logger = (Logger) LoggerFactory.getLogger(EventMessageHandler.class);\n                         ^\n  symbol:   variable LoggerFactory\n  location: class EventMessageHandlerTest\n/var/folders/n1/3qtzdh9s0nb9z0dcczgz0ddw0000gn/T/tmponjmn3wq/EventMessageHandlerTest.java:87: error: cannot find symbol\nlogger.setLevel(Level.INFO);\n                ^\n  symbol:   variable Level\n  location: class EventMessageHandlerTest\n65 errors\n",
      "saved_file_path": "dataset/07fad972bb884e9fa6143b4f870d08305811607d/out/groq-zero-shot-with-files-20250908_232256-EventMessageHandlerTest.java",
      "java_file_path": "EventMessageHandlerTest.java.java"
    }
  ],
  "summary": {
    "total": 3,
    "fixes_generated": 3,
    "files_saved": 3,
    "successful_compilations": 0,
    "success_rate": 0.0
  }
}