{
  "experiment_metadata": {
    "model": "groq-llama-3.3-70b-versatile",
    "timestamp": "2025-09-09_14:40:41",
    "duration_seconds": 275.256036,
    "pipeline_enabled": true
  },
  "results": [
    {
      "project_id": "0305beafdecb0b28f7c94264ed20cdc4e41ff067",
      "repo_slug": "feedzai/pdb",
      "diff_generated": true,
      "num_diffs": 1,
      "diff_info": {
        "compilation_has_succeeded": false,
        "test_has_succeeded": false,
        "error_text": "[INFO] -------------------------------------------------------------\n[ERROR] COMPILATION ERROR : \n[INFO] -------------------------------------------------------------\n[ERROR] /mnt/repo/src/main/java/com/feedzai/commons/sql/abstraction/engine/impl/mysql/MySqlQueryExceptionHandler.java:[32,1] illegal start of type\n[ERROR] /mnt/repo/src/main/java/com/feedzai/commons/sql/abstraction/engine/impl/mysql/MySqlQueryExceptionHandler.java:[33,1] illegal start of type\n[INFO] 2 errors \n[INFO] -------------------------------------------------------------\n[INFO] ------------------------------------------------------------------------\n[INFO] BUILD FAILURE\n[INFO] ------------------------------------------------------------------------\n[INFO] Total time:  39.128 s\n[INFO] Finished at: 2025-09-09T09:11:40Z\n[INFO] ------------------------------------------------------------------------\n[ERROR] Failed to execute goal org.apache.maven.plugins:maven-compiler-plugin:3.10.1:compile (default-compile) on project pdb: Compilation failure: Compilation failure: \n[ERROR] /mnt/repo/src/main/java/com/feedzai/commons/sql/abstraction/engine/impl/mysql/MySqlQueryExceptionHandler.java:[32,1] illegal start of type\n[ERROR] /mnt/repo/src/main/java/com/feedzai/commons/sql/abstraction/engine/impl/mysql/MySqlQueryExceptionHandler.java:[33,1] illegal start of type\n[ERROR] -> [Help 1]\n[ERROR] \n[ERROR] To see the full stack trace of the errors, re-run Maven with the -e switch.\n[ERROR] Re-run Maven using the -X switch to enable full debug logging.\n[ERROR] \n[ERROR] For more information about the errors and possible solutions, please read the following articles:\n[ERROR] [Help 1] http://cwiki.apache.org/confluence/display/MAVEN/MojoFailureException\n"
      },
      "saved_output_path": "dataset/0305beafdecb0b28f7c94264ed20cdc4e41ff067/out/groq-groq-pipeline-experiment-20250909_144141-execution-errors.json",
      "processing_time": 0
    },
    {
      "project_id": "067f5d2c81ff87c90755f4ed48f62eb5faa8ecf9",
      "repo_slug": "pinterest/singer",
      "diff_generated": true,
      "num_diffs": 1,
      "diff_info": {
        "compilation_has_succeeded": false,
        "test_has_succeeded": false,
        "error_text": "Failed to prepare diffs: Diff for singer-commons/src/main/java/com/pinterest/singer/loggingaudit/client/AuditEventKafkaSender.java is not valid"
      },
      "saved_output_path": "dataset/067f5d2c81ff87c90755f4ed48f62eb5faa8ecf9/out/groq-groq-pipeline-experiment-20250909_144147-execution-errors.json",
      "processing_time": 0
    },
    {
      "project_id": "07fad972bb884e9fa6143b4f870d08305811607d",
      "repo_slug": "alphagov/pay-adminusers",
      "diff_generated": true,
      "num_diffs": 1,
      "diff_info": {
        "compilation_has_succeeded": false,
        "test_has_succeeded": false,
        "error_text": "[INFO] -------------------------------------------------------------\n[ERROR] COMPILATION ERROR : \n[INFO] -------------------------------------------------------------\n[ERROR] /mnt/repo/src/test/java/uk/gov/pay/adminusers/queue/event/EventMessageHandlerTest.java:[111,1] not a statement\n[ERROR] /mnt/repo/src/test/java/uk/gov/pay/adminusers/queue/event/EventMessageHandlerTest.java:[112,1] not a statement\n[INFO] 2 errors \n[INFO] -------------------------------------------------------------\n[INFO] ------------------------------------------------------------------------\n[INFO] BUILD FAILURE\n[INFO] ------------------------------------------------------------------------\n[INFO] Total time:  03:18 min\n[INFO] Finished at: 2025-09-09T09:15:14Z\n[INFO] ------------------------------------------------------------------------\n[ERROR] Failed to execute goal org.apache.maven.plugins:maven-compiler-plugin:3.10.1:testCompile (default-testCompile) on project pay-adminusers: Compilation failure: Compilation failure: \n[ERROR] /mnt/repo/src/test/java/uk/gov/pay/adminusers/queue/event/EventMessageHandlerTest.java:[111,1] not a statement\n[ERROR] /mnt/repo/src/test/java/uk/gov/pay/adminusers/queue/event/EventMessageHandlerTest.java:[112,1] not a statement\n[ERROR] -> [Help 1]\n[ERROR] \n[ERROR] To see the full stack trace of the errors, re-run Maven with the -e switch.\n[ERROR] Re-run Maven using the -X switch to enable full debug logging.\n[ERROR] \n[ERROR] For more information about the errors and possible solutions, please read the following articles:\n[ERROR] [Help 1] http://cwiki.apache.org/confluence/display/MAVEN/MojoFailureException\n"
      },
      "saved_output_path": "dataset/07fad972bb884e9fa6143b4f870d08305811607d/out/groq-groq-pipeline-experiment-20250909_144514-execution-errors.json",
      "processing_time": 0
    }
  ],
  "summary": {
    "total_projects": 3,
    "successful_diffs": 3,
    "compilation_success": 0,
    "test_success": 0,
    "failed_diffs": 0,
    "errors": 0
  }
}